<?xml version="1.0" encoding="utf-8"?><testsuites name="pytest tests"><testsuite name="pytest" errors="0" failures="0" skipped="0" tests="9" time="9.146" timestamp="2026-02-23T14:43:03.211266+00:00" hostname="agent-env-71812e37-be38-4cd6-b23b-fc7992c42c09"><testcase classname="backend.tests.test_account_type_feature.TestAccountTypeRegistration" name="test_register_individual_account_default" time="1.285" /><testcase classname="backend.tests.test_account_type_feature.TestAccountTypeRegistration" name="test_register_individual_account_explicit" time="1.058" /><testcase classname="backend.tests.test_account_type_feature.TestAccountTypeRegistration" name="test_register_corporate_account_with_company_name" time="1.056" /><testcase classname="backend.tests.test_account_type_feature.TestAccountTypeRegistration" name="test_register_corporate_without_company_name_fails" time="0.182" /><testcase classname="backend.tests.test_account_type_feature.TestAccountTypeRegistration" name="test_individual_account_ignores_company_name" time="1.067" /><testcase classname="backend.tests.test_account_type_feature.TestAccountTypeVerification" name="test_verify_otp_returns_account_type" time="1.944" /><testcase classname="backend.tests.test_account_type_feature.TestKYCEndpointAccountType" name="test_health_check" time="0.198" /><testcase classname="backend.tests.test_account_type_feature.TestLoginAccountType" name="test_login_returns_correct_user_data_structure" time="2.124" /><testcase classname="backend.tests.test_account_type_feature.TestAccountTypeEnumValidation" name="test_invalid_account_type_rejected" time="0.170" /></testsuite></testsuites>