<?xml version="1.0" encoding="utf-8"?><testsuites name="pytest tests"><testsuite name="pytest" errors="0" failures="1" skipped="0" tests="16" time="13.486" timestamp="2026-02-24T14:21:23.827955+00:00" hostname="agent-env-2f9d8711-56f4-4f81-a730-3d00490efd21"><testcase classname="tests.test_bharatbit_nextjs_backend.TestHealthCheck" name="test_health_check_returns_200" time="0.169" /><testcase classname="tests.test_bharatbit_nextjs_backend.TestNotificationEndpoints" name="test_send_kyc_notification" time="0.493" /><testcase classname="tests.test_bharatbit_nextjs_backend.TestNotificationEndpoints" name="test_send_wallet_notification" time="0.324" /><testcase classname="tests.test_bharatbit_nextjs_backend.TestNotificationEndpoints" name="test_send_bank_notification" time="0.298"><failure message="assert False == True">tests/test_bharatbit_nextjs_backend.py:116: in test_send_bank_notification
    assert data["success"] == True
E   assert False == True</failure></testcase><testcase classname="tests.test_bharatbit_nextjs_backend.TestNotificationEndpoints" name="test_kyc_notification_missing_required_fields" time="0.130" /><testcase classname="tests.test_bharatbit_nextjs_backend.TestRegistrationWithCountryCode" name="test_register_with_country_code_and_mobile_number" time="1.097" /><testcase classname="tests.test_bharatbit_nextjs_backend.TestRegistrationWithCountryCode" name="test_register_with_mobile_field" time="1.051" /><testcase classname="tests.test_bharatbit_nextjs_backend.TestRegistrationWithCountryCode" name="test_register_corporate_with_country_code" time="1.053" /><testcase classname="tests.test_bharatbit_nextjs_backend.TestRegistrationWithCountryCode" name="test_register_with_international_country_code" time="1.251" /><testcase classname="tests.test_bharatbit_nextjs_backend.TestClientUIDGeneration" name="test_multiple_registrations_unique_client_uids" time="4.856" /><testcase classname="tests.test_bharatbit_nextjs_backend.TestUserProfileEndpoint" name="test_profile_requires_authentication" time="0.121" /><testcase classname="tests.test_bharatbit_nextjs_backend.TestUserProfileEndpoint" name="test_profile_returns_client_uid_with_auth" time="1.983" /><testcase classname="tests.test_bharatbit_nextjs_backend.TestAuthEndpoints" name="test_login_with_identifier_field" time="0.182" /><testcase classname="tests.test_bharatbit_nextjs_backend.TestAuthEndpoints" name="test_login_with_email_field_backward_compat" time="0.113" /><testcase classname="tests.test_bharatbit_nextjs_backend.TestAPIStructure" name="test_api_health_endpoint" time="0.122" /><testcase classname="tests.test_bharatbit_nextjs_backend.TestAPIStructure" name="test_notification_endpoints_exist" time="0.156" /></testsuite></testsuites>