<?xml version="1.0" encoding="utf-8"?><testsuites name="pytest tests"><testsuite name="pytest" errors="0" failures="0" skipped="0" tests="16" time="14.627" timestamp="2026-02-24T14:22:07.774686+00:00" hostname="agent-env-2f9d8711-56f4-4f81-a730-3d00490efd21"><testcase classname="tests.test_bharatbit_nextjs_backend.TestHealthCheck" name="test_health_check_returns_200" time="0.221" /><testcase classname="tests.test_bharatbit_nextjs_backend.TestNotificationEndpoints" name="test_send_kyc_notification" time="0.315" /><testcase classname="tests.test_bharatbit_nextjs_backend.TestNotificationEndpoints" name="test_send_wallet_notification" time="0.340" /><testcase classname="tests.test_bharatbit_nextjs_backend.TestNotificationEndpoints" name="test_send_bank_notification" time="1.410" /><testcase classname="tests.test_bharatbit_nextjs_backend.TestNotificationEndpoints" name="test_kyc_notification_missing_required_fields" time="0.145" /><testcase classname="tests.test_bharatbit_nextjs_backend.TestRegistrationWithCountryCode" name="test_register_with_country_code_and_mobile_number" time="1.120" /><testcase classname="tests.test_bharatbit_nextjs_backend.TestRegistrationWithCountryCode" name="test_register_with_mobile_field" time="1.048" /><testcase classname="tests.test_bharatbit_nextjs_backend.TestRegistrationWithCountryCode" name="test_register_corporate_with_country_code" time="1.116" /><testcase classname="tests.test_bharatbit_nextjs_backend.TestRegistrationWithCountryCode" name="test_register_with_international_country_code" time="1.091" /><testcase classname="tests.test_bharatbit_nextjs_backend.TestClientUIDGeneration" name="test_multiple_registrations_unique_client_uids" time="5.073" /><testcase classname="tests.test_bharatbit_nextjs_backend.TestUserProfileEndpoint" name="test_profile_requires_authentication" time="0.199" /><testcase classname="tests.test_bharatbit_nextjs_backend.TestUserProfileEndpoint" name="test_profile_returns_client_uid_with_auth" time="1.964" /><testcase classname="tests.test_bharatbit_nextjs_backend.TestAuthEndpoints" name="test_login_with_identifier_field" time="0.122" /><testcase classname="tests.test_bharatbit_nextjs_backend.TestAuthEndpoints" name="test_login_with_email_field_backward_compat" time="0.153" /><testcase classname="tests.test_bharatbit_nextjs_backend.TestAPIStructure" name="test_api_health_endpoint" time="0.116" /><testcase classname="tests.test_bharatbit_nextjs_backend.TestAPIStructure" name="test_notification_endpoints_exist" time="0.137" /></testsuite></testsuites>