<?xml version="1.0" encoding="utf-8"?><testsuites name="pytest tests"><testsuite name="pytest" errors="0" failures="0" skipped="0" tests="18" time="14.403" timestamp="2026-02-23T08:47:12.202483+00:00" hostname="agent-env-8a4869b9-0ac2-4dfe-bf1c-4a7770754758"><testcase classname="backend.tests.test_api_v2.TestHealthEndpoint" name="test_health_returns_healthy_status" time="0.191" /><testcase classname="backend.tests.test_api_v2.TestAuthRegistration" name="test_register_new_user_success" time="1.166" /><testcase classname="backend.tests.test_api_v2.TestAuthRegistration" name="test_register_duplicate_user_returns_400" time="1.120" /><testcase classname="backend.tests.test_api_v2.TestAuthLoginWith2FA" name="test_login_requires_2fa" time="2.007" /><testcase classname="backend.tests.test_api_v2.TestAuthLoginWith2FA" name="test_verify_2fa_returns_token" time="1.048" /><testcase classname="backend.tests.test_api_v2.TestAdminAuth" name="test_admin_analytics_returns_charts_data" time="1.080" /><testcase classname="backend.tests.test_api_v2.TestCryptoPrices" name="test_crypto_prices_requires_auth" time="0.142" /><testcase classname="backend.tests.test_api_v2.TestCryptoPrices" name="test_crypto_prices_returns_data" time="1.326" /><testcase classname="backend.tests.test_api_v2.TestCryptoPrices" name="test_crypto_prices_with_symbols_filter" time="0.120" /><testcase classname="backend.tests.test_api_v2.TestCryptoPriceHistory" name="test_price_history_for_btc_7_days" time="1.260" /><testcase classname="backend.tests.test_api_v2.TestCryptoPriceHistory" name="test_invalid_symbol_returns_error" time="0.096" /><testcase classname="backend.tests.test_api_v2.TestSupportedCryptos" name="test_supported_cryptos_no_auth_required" time="0.096" /><testcase classname="backend.tests.test_api_v2.TestRatesEndpoint" name="test_rates_requires_auth" time="0.104" /><testcase classname="backend.tests.test_api_v2.TestRatesEndpoint" name="test_rates_returns_data" time="1.433" /><testcase classname="backend.tests.test_api_v2.TestOrdersEndpoint" name="test_orders_requires_auth" time="0.096" /><testcase classname="backend.tests.test_api_v2.TestOrdersEndpoint" name="test_orders_returns_data" time="1.520" /><testcase classname="backend.tests.test_api_v2.TestKYCEndpoint" name="test_kyc_status_requires_auth" time="0.100" /><testcase classname="backend.tests.test_api_v2.TestKYCEndpoint" name="test_kyc_status_returns_data" time="1.402" /></testsuite></testsuites>